<?xml version="1.0" encoding="UTF-8"?>
<testng-results ignored="0" total="1" passed="0" failed="1" skipped="0">
  <reporter-output>
    <line>
      <![CDATA[addtoFavouriteTest]]>
    </line>
  </reporter-output>
  <suite started-at="2023-07-14T15:51:17 IST" name="Default suite" finished-at="2023-07-14T15:51:53 IST" duration-ms="35745">
    <groups>
    </groups>
    <test started-at="2023-07-14T15:51:17 IST" name="Default test" finished-at="2023-07-14T15:51:53 IST" duration-ms="35745">
      <class name="com.Bhim.Npci.ProfileTest">
        <test-method is-config="true" signature="startserver()[pri:0, instance:com.Bhim.Npci.ProfileTest@201a4587]" started-at="2023-07-14T15:51:17 IST" name="startserver" finished-at="2023-07-14T15:51:17 IST" duration-ms="123" status="PASS">
          <reporter-output>
          </reporter-output>
        </test-method> <!-- startserver -->
        <test-method is-config="true" signature="openApp()[pri:0, instance:com.Bhim.Npci.ProfileTest@201a4587]" started-at="2023-07-14T15:51:17 IST" name="openApp" finished-at="2023-07-14T15:51:24 IST" duration-ms="6144" status="PASS">
          <reporter-output>
          </reporter-output>
        </test-method> <!-- openApp -->
        <test-method signature="addtoFavouriteTest()[pri:0, instance:com.Bhim.Npci.ProfileTest@201a4587]" started-at="2023-07-14T15:51:24 IST" name="addtoFavouriteTest" finished-at="2023-07-14T15:51:52 IST" duration-ms="28684" status="FAIL">
          <exception class="org.openqa.selenium.StaleElementReferenceException">
            <message>
              <![CDATA[The element 'By.xpath: //android.widget.Button[@content-desc="Go back"]/android.widget.ImageView' is not linked to the same object in DOM anymore
For documentation on this error, please visit: https://selenium.dev/exceptions/#stale_element_reference
Build info: version: '4.7.2', revision: '4d4020c3b7'
System info: os.name: 'Windows 11', os.arch: 'amd64', os.version: '10.0', java.version: '17.0.4'
Driver info: io.appium.java_client.android.AndroidDriver
Command: [261f4931-8428-43bb-b85c-02ebd10a682d, isElementDisplayed {id=00000000-0000-1828-ffff-ffff00000441}]
Capabilities {appium:appActivity: .HomeActivity, appium:appPackage: in.org.npci.upiapp, appium:automationName: UiAutomator2, appium:databaseEnabled: false, appium:desired: {appActivity: .HomeActivity, appPackage: in.org.npci.upiapp, automationName: UiAutomator2, deviceName: iQOO Neo6, noReset: true, platformName: android, udid: 10BCA116FY000EE}, appium:deviceApiLevel: 33, appium:deviceManufacturer: vivo, appium:deviceModel: I2202, appium:deviceName: 10BCA116FY000EE, appium:deviceScreenDensity: 396, appium:deviceScreenSize: 1080x2400, appium:deviceUDID: 10BCA116FY000EE, appium:javascriptEnabled: true, appium:locationContextEnabled: false, appium:networkConnectionEnabled: true, appium:noReset: true, appium:pixelRatio: 2.4750001, appium:platformVersion: 13, appium:statBarHeight: 79, appium:takesScreenshot: true, appium:udid: 10BCA116FY000EE, appium:viewportRect: {height: 2135, left: 0, top: 79, width: 1080}, appium:warnings: {}, appium:webStorageEnabled: false, platformName: ANDROID}
Element: [[AndroidDriver:  on ANDROID (261f4931-8428-43bb-b85c-02ebd10a682d)] -> xpath: //android.widget.Button[@content-desc="Go back"]/android.widget.ImageView]
Session ID: 261f4931-8428-43bb-b85c-02ebd10a682d]]>
            </message>
            <full-stacktrace>
              <![CDATA[org.openqa.selenium.StaleElementReferenceException: The element 'By.xpath: //android.widget.Button[@content-desc="Go back"]/android.widget.ImageView' is not linked to the same object in DOM anymore
For documentation on this error, please visit: https://selenium.dev/exceptions/#stale_element_reference
Build info: version: '4.7.2', revision: '4d4020c3b7'
System info: os.name: 'Windows 11', os.arch: 'amd64', os.version: '10.0', java.version: '17.0.4'
Driver info: io.appium.java_client.android.AndroidDriver
Command: [261f4931-8428-43bb-b85c-02ebd10a682d, isElementDisplayed {id=00000000-0000-1828-ffff-ffff00000441}]
Capabilities {appium:appActivity: .HomeActivity, appium:appPackage: in.org.npci.upiapp, appium:automationName: UiAutomator2, appium:databaseEnabled: false, appium:desired: {appActivity: .HomeActivity, appPackage: in.org.npci.upiapp, automationName: UiAutomator2, deviceName: iQOO Neo6, noReset: true, platformName: android, udid: 10BCA116FY000EE}, appium:deviceApiLevel: 33, appium:deviceManufacturer: vivo, appium:deviceModel: I2202, appium:deviceName: 10BCA116FY000EE, appium:deviceScreenDensity: 396, appium:deviceScreenSize: 1080x2400, appium:deviceUDID: 10BCA116FY000EE, appium:javascriptEnabled: true, appium:locationContextEnabled: false, appium:networkConnectionEnabled: true, appium:noReset: true, appium:pixelRatio: 2.4750001, appium:platformVersion: 13, appium:statBarHeight: 79, appium:takesScreenshot: true, appium:udid: 10BCA116FY000EE, appium:viewportRect: {height: 2135, left: 0, top: 79, width: 1080}, appium:warnings: {}, appium:webStorageEnabled: false, platformName: ANDROID}
Element: [[AndroidDriver:  on ANDROID (261f4931-8428-43bb-b85c-02ebd10a682d)] -> xpath: //android.widget.Button[@content-desc="Go back"]/android.widget.ImageView]
Session ID: 261f4931-8428-43bb-b85c-02ebd10a682d
at java.base/jdk.internal.reflect.NativeConstructorAccessorImpl.newInstance0(Native Method)
at java.base/jdk.internal.reflect.NativeConstructorAccessorImpl.newInstance(NativeConstructorAccessorImpl.java:77)
at java.base/jdk.internal.reflect.DelegatingConstructorAccessorImpl.newInstance(DelegatingConstructorAccessorImpl.java:45)
at java.base/java.lang.reflect.Constructor.newInstanceWithCaller(Constructor.java:499)
at java.base/java.lang.reflect.Constructor.newInstance(Constructor.java:480)
at org.openqa.selenium.remote.codec.w3c.W3CHttpResponseCodec.createException(W3CHttpResponseCodec.java:200)
at org.openqa.selenium.remote.codec.w3c.W3CHttpResponseCodec.decode(W3CHttpResponseCodec.java:133)
at org.openqa.selenium.remote.codec.w3c.W3CHttpResponseCodec.decode(W3CHttpResponseCodec.java:53)
at org.openqa.selenium.remote.HttpCommandExecutor.execute(HttpCommandExecutor.java:184)
at io.appium.java_client.remote.AppiumCommandExecutor.execute(AppiumCommandExecutor.java:262)
at org.openqa.selenium.remote.RemoteWebDriver.execute(RemoteWebDriver.java:535)
at org.openqa.selenium.remote.RemoteWebElement.execute(RemoteWebElement.java:257)
at org.openqa.selenium.remote.RemoteWebElement.isDisplayed(RemoteWebElement.java:313)
at java.base/jdk.internal.reflect.NativeMethodAccessorImpl.invoke0(Native Method)
at java.base/jdk.internal.reflect.NativeMethodAccessorImpl.invoke(NativeMethodAccessorImpl.java:77)
at java.base/jdk.internal.reflect.DelegatingMethodAccessorImpl.invoke(DelegatingMethodAccessorImpl.java:43)
at java.base/java.lang.reflect.Method.invoke(Method.java:568)
at org.openqa.selenium.support.pagefactory.internal.LocatingElementHandler.invoke(LocatingElementHandler.java:52)
at jdk.proxy2/jdk.proxy2.$Proxy20.isDisplayed(Unknown Source)
at org.openqa.selenium.support.ui.ExpectedConditions.elementIfVisible(ExpectedConditions.java:307)
at org.openqa.selenium.support.ui.ExpectedConditions.access$000(ExpectedConditions.java:40)
at org.openqa.selenium.support.ui.ExpectedConditions$10.apply(ExpectedConditions.java:293)
at org.openqa.selenium.support.ui.ExpectedConditions$10.apply(ExpectedConditions.java:290)
at org.openqa.selenium.support.ui.ExpectedConditions$23.apply(ExpectedConditions.java:660)
at org.openqa.selenium.support.ui.ExpectedConditions$23.apply(ExpectedConditions.java:656)
at org.openqa.selenium.support.ui.FluentWait.until(FluentWait.java:208)
at com.bhimapp.objectrepository.MyprofilePage.clickonbackbuttonApp(MyprofilePage.java:39)
at com.Bhim.Npci.ProfileTest.addtoFavouriteTest(ProfileTest.java:120)
at java.base/jdk.internal.reflect.NativeMethodAccessorImpl.invoke0(Native Method)
at java.base/jdk.internal.reflect.NativeMethodAccessorImpl.invoke(NativeMethodAccessorImpl.java:77)
at java.base/jdk.internal.reflect.DelegatingMethodAccessorImpl.invoke(DelegatingMethodAccessorImpl.java:43)
at java.base/java.lang.reflect.Method.invoke(Method.java:568)
at org.testng.internal.MethodInvocationHelper.invokeMethod(MethodInvocationHelper.java:133)
at org.testng.internal.TestInvoker.invokeMethod(TestInvoker.java:598)
at org.testng.internal.TestInvoker.invokeTestMethod(TestInvoker.java:173)
at org.testng.internal.MethodRunner.runInSequence(MethodRunner.java:46)
at org.testng.internal.TestInvoker$MethodInvocationAgent.invoke(TestInvoker.java:824)
at org.testng.internal.TestInvoker.invokeTestMethods(TestInvoker.java:146)
at org.testng.internal.TestMethodWorker.invokeTestMethods(TestMethodWorker.java:146)
at org.testng.internal.TestMethodWorker.run(TestMethodWorker.java:128)
at java.base/java.util.ArrayList.forEach(ArrayList.java:1511)
at org.testng.TestRunner.privateRun(TestRunner.java:794)
at org.testng.TestRunner.run(TestRunner.java:596)
at org.testng.SuiteRunner.runTest(SuiteRunner.java:377)
at org.testng.SuiteRunner.runSequentially(SuiteRunner.java:371)
at org.testng.SuiteRunner.privateRun(SuiteRunner.java:332)
at org.testng.SuiteRunner.run(SuiteRunner.java:276)
at org.testng.SuiteRunnerWorker.runSuite(SuiteRunnerWorker.java:53)
at org.testng.SuiteRunnerWorker.run(SuiteRunnerWorker.java:96)
at org.testng.TestNG.runSuitesSequentially(TestNG.java:1212)
at org.testng.TestNG.runSuitesLocally(TestNG.java:1134)
at org.testng.TestNG.runSuites(TestNG.java:1063)
at org.testng.TestNG.run(TestNG.java:1031)
at org.testng.remote.AbstractRemoteTestNG.run(AbstractRemoteTestNG.java:115)
at org.testng.remote.RemoteTestNG.initAndRun(RemoteTestNG.java:251)
at org.testng.remote.RemoteTestNG.main(RemoteTestNG.java:77)
]]>
            </full-stacktrace>
          </exception> <!-- org.openqa.selenium.StaleElementReferenceException -->
          <reporter-output>
            <line>
              <![CDATA[addtoFavouriteTest]]>
            </line>
          </reporter-output>
        </test-method> <!-- addtoFavouriteTest -->
        <test-method is-config="true" signature="closeApp()[pri:0, instance:com.Bhim.Npci.ProfileTest@201a4587]" started-at="2023-07-14T15:51:53 IST" name="closeApp" finished-at="2023-07-14T15:51:53 IST" duration-ms="234" status="PASS">
          <reporter-output>
          </reporter-output>
        </test-method> <!-- closeApp -->
        <test-method is-config="true" signature="stopserver()[pri:0, instance:com.Bhim.Npci.ProfileTest@201a4587]" started-at="2023-07-14T15:51:53 IST" name="stopserver" finished-at="2023-07-14T15:51:53 IST" duration-ms="0" status="PASS">
          <reporter-output>
          </reporter-output>
        </test-method> <!-- stopserver -->
      </class> <!-- com.Bhim.Npci.ProfileTest -->
    </test> <!-- Default test -->
  </suite> <!-- Default suite -->
</testng-results>
